<?xml version="1.0" ?>
<!DOCTYPE coverage SYSTEM "http://cobertura.sourceforge.net/xml/coverage-04.dtd">
<coverage lines-valid="4"  lines-covered="3"  line-rate="0.75"  branches-valid="0"  branches-covered="0"  branch-rate="1"  timestamp="1534146720673" complexity="0" version="0.1">
<sources>
	<source>/Users/pengyong/Desktop/project/jlb-company/jtools</source>
</sources>
<packages>
	<package name="src"  line-rate="1"  branch-rate="1" >
	<classes>
		<class name="index.js"  filename="src/index.js"  line-rate="1"  branch-rate="1" >
		<methods>
		</methods>
		<lines>
		</lines>
		</class>
	</classes>
	</package>
	<package name="src.add"  line-rate="1"  branch-rate="1" >
	<classes>
		<class name="add.js"  filename="src/add/add.js"  line-rate="1"  branch-rate="1" >
		<methods>
			<method name="(anonymous_0)"  hits="1"  signature="()V" >
				<lines><line number="1"  hits="1" /></lines>
			</method>
		</methods>
		<lines>
			<line number="1"  hits="1"  branch="false" />
			<line number="2"  hits="1"  branch="false" />
		</lines>
		</class>
	</classes>
	</package>
	<package name="src.decrease"  line-rate="0.5"  branch-rate="1" >
	<classes>
		<class name="decrease.js"  filename="src/decrease/decrease.js"  line-rate="0.5"  branch-rate="1" >
		<methods>
			<method name="(anonymous_0)"  hits="0"  signature="()V" >
				<lines><line number="1"  hits="0" /></lines>
			</method>
		</methods>
		<lines>
			<line number="1"  hits="1"  branch="false" />
			<line number="2"  hits="0"  branch="false" />
		</lines>
		</class>
	</classes>
	</package>
</packages>
</coverage>
