TN:
SF:/Users/pengyong/Desktop/project/jlb-company/jtools/src/index.js
FNF:0
FNH:0
DA:2,8
DA:5,8
DA:6,8
DA:7,8
DA:10,8
DA:11,8
DA:14,8
DA:17,8
DA:18,8
DA:21,8
DA:22,8
DA:23,8
DA:24,8
DA:27,8
DA:28,8
DA:29,8
DA:31,8
LF:17
LH:17
BRF:0
BRH:0
end_of_record
TN:
SF:/Users/pengyong/Desktop/project/jlb-company/jtools/src/canvas/getImgBase64.js
FN:6,getImgBase64
FN:12,(anonymous_1)
FN:13,(anonymous_2)
FNF:3
FNH:2
FNDA:1,getImgBase64
FNDA:1,(anonymous_1)
FNDA:0,(anonymous_2)
DA:8,1
DA:9,1
DA:10,1
DA:11,1
DA:12,1
DA:13,1
DA:14,0
DA:15,0
DA:16,0
DA:17,0
DA:18,0
DA:19,0
DA:20,0
DA:21,0
DA:22,0
DA:23,0
DA:24,0
DA:28,8
LF:18
LH:7
BRF:0
BRH:0
end_of_record
TN:
SF:/Users/pengyong/Desktop/project/jlb-company/jtools/src/dateFormat/dateFormat1.js
FN:12,dateFormat1
FNF:1
FNH:0
FNDA:0,dateFormat1
DA:13,0
DA:14,0
DA:15,0
DA:16,0
DA:17,0
DA:18,0
DA:19,0
DA:20,0
DA:21,0
DA:22,0
DA:23,0
DA:24,0
DA:26,0
DA:27,0
DA:29,0
DA:30,0
DA:31,0
DA:32,0
DA:33,0
DA:38,0
DA:39,0
DA:40,0
DA:42,0
DA:45,8
LF:24
LH:1
BRDA:13,0,0,0
BRDA:13,0,1,0
BRDA:23,1,0,0
BRDA:23,1,1,0
BRDA:26,2,0,0
BRDA:26,2,1,0
BRDA:29,3,0,0
BRDA:29,3,1,0
BRDA:31,4,0,0
BRDA:31,4,1,0
BRDA:33,5,0,0
BRDA:33,5,1,0
BRDA:34,6,0,0
BRDA:34,6,1,0
BRDA:34,6,2,0
BRDA:39,7,0,0
BRDA:39,7,1,0
BRF:17
BRH:0
end_of_record
TN:
SF:/Users/pengyong/Desktop/project/jlb-company/jtools/src/dateFormat/dateFormat2.js
FN:12,dateFormat2
FNF:1
FNH:0
FNDA:0,dateFormat2
DA:13,0
DA:14,0
DA:15,0
DA:16,0
DA:17,0
DA:18,0
DA:19,0
DA:21,0
DA:22,0
DA:24,0
DA:25,0
DA:26,0
DA:27,0
DA:28,0
DA:29,0
DA:30,0
DA:31,0
DA:32,0
DA:33,0
DA:34,0
DA:35,0
DA:36,0
DA:37,0
DA:38,0
DA:39,0
DA:40,0
DA:42,0
DA:44,0
DA:46,8
LF:29
LH:1
BRDA:13,0,0,0
BRDA:13,0,1,0
BRDA:21,1,0,0
BRDA:21,1,1,0
BRDA:29,2,0,0
BRDA:29,2,1,0
BRDA:30,3,0,0
BRDA:30,3,1,0
BRDA:31,4,0,0
BRDA:31,4,1,0
BRDA:32,5,0,0
BRDA:32,5,1,0
BRDA:33,6,0,0
BRDA:33,6,1,0
BRDA:33,7,0,0
BRDA:33,7,1,0
BRDA:35,8,0,0
BRDA:35,8,1,0
BRDA:35,9,0,0
BRDA:35,9,1,0
BRDA:35,9,2,0
BRDA:37,10,0,0
BRDA:37,10,1,0
BRDA:37,11,0,0
BRDA:37,11,1,0
BRDA:39,12,0,0
BRDA:39,12,1,0
BRDA:39,13,0,0
BRDA:39,13,1,0
BRF:29
BRH:0
end_of_record
TN:
SF:/Users/pengyong/Desktop/project/jlb-company/jtools/src/dateFormat/elDateFormat.js
FN:7,elDateFormat
FNF:1
FNH:0
FNDA:0,elDateFormat
DA:8,0
DA:9,0
DA:11,0
DA:12,0
DA:13,0
DA:14,0
DA:16,0
DA:18,0
DA:19,0
DA:20,0
DA:21,0
DA:23,0
DA:25,0
DA:28,8
LF:14
LH:1
BRDA:7,0,0,0
BRDA:8,1,0,0
BRDA:8,1,1,0
BRDA:12,2,0,0
BRDA:12,2,1,0
BRDA:12,3,0,0
BRDA:12,3,1,0
BRDA:13,4,0,0
BRDA:13,4,1,0
BRDA:18,5,0,0
BRDA:18,5,1,0
BRDA:18,6,0,0
BRDA:18,6,1,0
BRDA:20,7,0,0
BRDA:20,7,1,0
BRF:15
BRH:0
end_of_record
TN:
SF:/Users/pengyong/Desktop/project/jlb-company/jtools/src/device/getBrowserModel.js
FN:5,getBrowserModel
FNF:1
FNH:0
FNDA:0,getBrowserModel
DA:6,0
DA:7,0
DA:8,0
DA:11,0
DA:22,0
DA:23,0
DA:24,0
DA:25,0
DA:26,0
DA:27,0
DA:28,0
DA:29,0
DA:31,0
DA:33,8
LF:14
LH:1
BRDA:11,0,0,0
BRDA:11,0,1,0
BRDA:12,1,0,0
BRDA:12,1,1,0
BRDA:13,2,0,0
BRDA:13,2,1,0
BRDA:14,3,0,0
BRDA:14,3,1,0
BRDA:15,4,0,0
BRDA:15,4,1,0
BRDA:16,5,0,0
BRDA:16,5,1,0
BRDA:17,6,0,0
BRDA:17,6,1,0
BRDA:18,7,0,0
BRDA:18,7,1,0
BRDA:19,8,0,0
BRDA:19,8,1,0
BRDA:22,9,0,0
BRDA:22,9,1,0
BRDA:23,10,0,0
BRDA:23,10,1,0
BRDA:24,11,0,0
BRDA:24,11,1,0
BRDA:25,12,0,0
BRDA:25,12,1,0
BRDA:26,13,0,0
BRDA:26,13,1,0
BRDA:27,14,0,0
BRDA:27,14,1,0
BRDA:28,15,0,0
BRDA:28,15,1,0
BRDA:29,16,0,0
BRDA:29,16,1,0
BRF:34
BRH:0
end_of_record
TN:
SF:/Users/pengyong/Desktop/project/jlb-company/jtools/src/device/getDeviceModel.js
FN:5,getDeviceModel
FNF:1
FNH:0
FNDA:0,getDeviceModel
DA:6,0
DA:7,0
DA:8,0
DA:9,0
DA:10,0
DA:12,0
DA:14,8
LF:7
LH:1
BRDA:7,0,0,0
BRDA:7,0,1,0
BRDA:9,1,0,0
BRDA:9,1,1,0
BRF:4
BRH:0
end_of_record
TN:
SF:/Users/pengyong/Desktop/project/jlb-company/jtools/src/export/exportXls.js
FN:7,exportXls
FN:14,(anonymous_1)
FN:30,_downFile
FNF:3
FNH:0
FNDA:0,exportXls
FNDA:0,(anonymous_1)
FNDA:0,_downFile
DA:8,0
DA:9,0
DA:10,0
DA:12,0
DA:13,0
DA:14,0
DA:15,0
DA:16,0
DA:17,0
DA:18,0
DA:19,0
DA:21,0
DA:23,0
DA:25,0
DA:26,0
DA:31,0
DA:32,0
DA:33,0
DA:35,0
DA:36,0
DA:37,0
DA:38,0
DA:39,0
DA:42,8
LF:24
LH:1
BRDA:7,0,0,0
BRDA:8,1,0,0
BRDA:8,1,1,0
BRDA:8,2,0,0
BRDA:8,2,1,0
BRDA:9,3,0,0
BRDA:9,3,1,0
BRDA:17,4,0,0
BRDA:17,4,1,0
BRDA:17,5,0,0
BRDA:17,5,1,0
BRDA:18,6,0,0
BRDA:18,6,1,0
BRDA:23,7,0,0
BRDA:23,7,1,0
BRDA:26,8,0,0
BRDA:26,8,1,0
BRDA:32,9,0,0
BRDA:32,9,1,0
BRF:19
BRH:0
end_of_record
TN:
SF:/Users/pengyong/Desktop/project/jlb-company/jtools/src/oss/getThumbnails.js
FN:22,getThumbnails
FN:37,handleoss
FNF:2
FNH:1
FNDA:3,getThumbnails
FNDA:0,handleoss
DA:23,3
DA:24,3
DA:25,1
DA:26,0
DA:27,0
DA:29,0
DA:30,0
DA:31,0
DA:32,0
DA:35,0
DA:38,0
DA:39,0
DA:40,0
DA:41,0
DA:42,0
DA:44,0
DA:47,0
DA:51,8
LF:18
LH:4
BRDA:13,0,0,1
BRDA:24,1,0,2
BRDA:24,1,1,1
BRDA:25,2,0,1
BRDA:25,2,1,0
BRDA:26,3,0,0
BRDA:26,3,1,0
BRDA:27,4,0,0
BRDA:27,4,1,0
BRDA:29,5,0,0
BRDA:29,5,1,0
BRDA:31,6,0,0
BRDA:31,6,1,0
BRDA:38,7,0,0
BRDA:38,7,1,0
BRDA:38,8,0,0
BRDA:38,8,1,0
BRDA:40,9,0,0
BRDA:40,9,1,0
BRDA:40,10,0,0
BRDA:40,10,1,0
BRDA:41,11,0,0
BRDA:41,11,1,0
BRF:23
BRH:4
end_of_record
TN:
SF:/Users/pengyong/Desktop/project/jlb-company/jtools/src/oss/getDefaultAvatar.js
FN:5,getDefaultHeader
FNF:1
FNH:0
FNDA:0,getDefaultHeader
DA:6,0
DA:7,0
DA:9,8
LF:3
LH:1
BRDA:6,0,0,0
BRDA:6,0,1,0
BRDA:7,1,0,0
BRDA:7,1,1,0
BRF:4
BRH:0
end_of_record
TN:
SF:/Users/pengyong/Desktop/project/jlb-company/jtools/src/reg/isEmoji.js
FN:6,isEmoji
FNF:1
FNH:1
FNDA:4,isEmoji
DA:7,4
DA:8,4
DA:10,8
LF:3
LH:3
BRF:0
BRH:0
end_of_record
TN:
SF:/Users/pengyong/Desktop/project/jlb-company/jtools/src/reg/isIDCard.js
FN:7,isIDCard
FNF:1
FNH:1
FNDA:4,isIDCard
DA:8,4
DA:9,4
DA:11,8
LF:3
LH:3
BRF:0
BRH:0
end_of_record
TN:
SF:/Users/pengyong/Desktop/project/jlb-company/jtools/src/reg/isSpecialChar.js
FN:7,isSpecialChar
FNF:1
FNH:1
FNDA:4,isSpecialChar
DA:8,4
DA:9,4
DA:11,4
DA:13,8
LF:4
LH:4
BRDA:11,0,0,4
BRDA:11,0,1,3
BRF:2
BRH:2
end_of_record
TN:
SF:/Users/pengyong/Desktop/project/jlb-company/jtools/src/reg/isMobile.js
FN:6,isMobile
FNF:1
FNH:0
FNDA:0,isMobile
DA:7,0
DA:9,8
LF:2
LH:1
BRF:0
BRH:0
end_of_record
TN:
SF:/Users/pengyong/Desktop/project/jlb-company/jtools/src/transfer/handleEmoji.js
FN:12,handleEmoji
FNF:1
FNH:1
FNDA:11,handleEmoji
DA:1,8
DA:2,8
DA:13,11
DA:14,10
DA:15,2
DA:16,2
DA:18,8
DA:19,4
DA:20,4
DA:21,3
DA:23,1
DA:26,8
LF:12
LH:12
BRDA:12,0,0,1
BRDA:12,1,0,2
BRDA:13,2,0,1
BRDA:13,2,1,10
BRDA:14,3,0,2
BRDA:14,3,1,8
BRDA:18,4,0,4
BRDA:18,4,1,4
BRDA:20,5,0,3
BRDA:20,5,1,1
BRF:10
BRH:10
end_of_record
TN:
SF:/Users/pengyong/Desktop/project/jlb-company/jtools/src/.internal/utf16toEntities.js
FN:5,utf16toEntities
FN:13,(anonymous_1)
FNF:2
FNH:2
FNDA:19,utf16toEntities
FNDA:4,(anonymous_1)
DA:6,19
DA:7,19
DA:8,0
DA:9,0
DA:11,19
DA:13,19
DA:15,4
DA:16,4
DA:18,4
DA:20,4
DA:22,4
DA:24,0
DA:27,19
DA:29,8
LF:14
LH:11
BRDA:6,0,0,0
BRDA:6,0,1,19
BRDA:7,1,0,0
BRDA:7,1,1,19
BRDA:15,2,0,4
BRDA:15,2,1,0
BRF:6
BRH:3
end_of_record
TN:
SF:/Users/pengyong/Desktop/project/jlb-company/jtools/src/.internal/entitiestoUtf16.js
FN:6,entitiestoUtf16
FNF:1
FNH:1
FNDA:9,entitiestoUtf16
DA:1,8
DA:7,9
DA:8,9
DA:9,0
DA:10,0
DA:13,9
DA:14,9
DA:16,9
DA:17,9
DA:18,3
DA:19,3
DA:21,3
DA:23,3
DA:24,3
DA:25,3
DA:26,3
DA:28,9
DA:30,8
LF:18
LH:16
BRDA:7,0,0,0
BRDA:7,0,1,9
BRDA:8,1,0,0
BRDA:8,1,1,9
BRDA:16,2,0,9
BRDA:16,2,1,6
BRF:6
BRH:4
end_of_record
TN:
SF:/Users/pengyong/Desktop/project/jlb-company/jtools/src/transfer/handleText.js
FN:13,handleText
FNF:1
FNH:1
FNDA:16,handleText
DA:1,8
DA:2,8
DA:14,16
DA:15,15
DA:16,2
DA:17,2
DA:20,13
DA:21,13
DA:22,6
DA:27,7
DA:28,6
DA:34,1
DA:36,12
DA:38,8
LF:14
LH:14
BRDA:13,0,0,1
BRDA:13,1,0,1
BRDA:14,2,0,1
BRDA:14,2,1,15
BRDA:15,3,0,2
BRDA:15,3,1,13
BRDA:21,4,0,6
BRDA:21,4,1,7
BRDA:27,5,0,6
BRDA:27,5,1,1
BRF:10
BRH:10
end_of_record
TN:
SF:/Users/pengyong/Desktop/project/jlb-company/jtools/src/transfer/handleParam.js
FN:6,handleParam
FN:10,(anonymous_1)
FNF:2
FNH:0
FNDA:0,handleParam
FNDA:0,(anonymous_1)
DA:7,0
DA:8,0
DA:9,0
DA:10,0
DA:11,0
DA:12,0
DA:15,0
DA:17,8
LF:8
LH:1
BRDA:6,0,0,0
BRDA:7,1,0,0
BRDA:7,1,1,0
BRDA:11,2,0,0
BRDA:11,2,1,0
BRF:5
BRH:0
end_of_record
