TN:
SF:/Users/pengyong/Desktop/project/jlb-company/jtools/src/isSpecialChar/isSpecialChar.js
FN:7,isSpecialChar
FNF:1
FNH:1
FNDA:4,isSpecialChar
DA:8,4
DA:9,4
DA:11,4
LF:3
LH:3
BRDA:11,0,0,4
BRDA:11,0,1,3
BRF:2
BRH:2
end_of_record
TN:
SF:/Users/pengyong/Desktop/project/jlb-company/jtools/src/getThumbnails/getThumbnails.js
FN:22,getThumbnails
FN:36,handleoss
FNF:2
FNH:1
FNDA:2,getThumbnails
FNDA:0,handleoss
DA:23,2
DA:24,2
DA:25,0
DA:26,0
DA:28,0
DA:29,0
DA:30,0
DA:31,0
DA:34,0
DA:37,0
DA:38,0
DA:39,0
DA:40,0
DA:41,0
DA:42,0
DA:44,0
DA:47,0
LF:17
LH:2
BRDA:13,0,0,1
BRDA:24,1,0,2
BRDA:24,1,1,0
BRDA:25,2,0,0
BRDA:25,2,1,0
BRDA:26,3,0,0
BRDA:26,3,1,0
BRDA:28,4,0,0
BRDA:28,4,1,0
BRDA:30,5,0,0
BRDA:30,5,1,0
BRDA:37,6,0,0
BRDA:37,6,1,0
BRDA:38,7,0,0
BRDA:38,7,1,0
BRDA:38,8,0,0
BRDA:38,8,1,0
BRDA:40,9,0,0
BRDA:40,9,1,0
BRDA:40,10,0,0
BRDA:40,10,1,0
BRDA:41,11,0,0
BRDA:41,11,1,0
BRF:23
BRH:2
end_of_record
TN:
SF:/Users/pengyong/Desktop/project/jlb-company/jtools/src/.internal/utf16toEntities.js
FN:1,utf16toEntities
FN:5,(anonymous_1)
FNF:2
FNH:2
FNDA:2,utf16toEntities
FNDA:2,(anonymous_1)
DA:2,2
DA:3,2
DA:5,2
DA:7,2
DA:8,2
DA:10,2
DA:12,2
DA:14,2
DA:16,0
DA:19,2
LF:10
LH:9
BRDA:2,0,0,0
BRDA:2,0,1,2
BRDA:7,1,0,2
BRDA:7,1,1,0
BRF:4
BRH:2
end_of_record
TN:
SF:/Users/pengyong/Desktop/project/jlb-company/jtools/src/.internal/entitiestoUtf16.js
FN:1,entitiestoUtf16
FNF:1
FNH:0
FNDA:0,entitiestoUtf16
DA:2,0
DA:4,0
DA:5,0
DA:7,0
DA:8,0
DA:9,0
DA:10,0
DA:12,0
DA:14,0
DA:15,0
DA:16,0
DA:17,0
DA:19,0
LF:13
LH:0
BRDA:2,0,0,0
BRDA:2,0,1,0
BRDA:7,1,0,0
BRDA:7,1,1,0
BRF:4
BRH:0
end_of_record
TN:
SF:/Users/pengyong/Desktop/project/jlb-company/jtools/src/handleEmoji/handleEmoji.js
FN:10,handleEmoji
FNF:1
FNH:1
FNDA:2,handleEmoji
DA:11,2
DA:12,2
DA:13,2
DA:14,0
DA:15,0
DA:17,0
LF:6
LH:3
BRDA:10,0,0,0
BRDA:10,1,0,0
BRDA:11,2,0,0
BRDA:11,2,1,2
BRDA:12,3,0,2
BRDA:12,3,1,0
BRDA:14,4,0,0
BRDA:14,4,1,0
BRF:8
BRH:2
end_of_record
TN:
SF:/Users/pengyong/Desktop/project/jlb-company/jtools/src/isEmoji/isEmoji.js
FN:6,isEmoji
FNF:1
FNH:1
FNDA:4,isEmoji
DA:7,4
DA:8,4
LF:2
LH:2
BRF:0
BRH:0
end_of_record
TN:
SF:/Users/pengyong/Desktop/project/jlb-company/jtools/src/getBrowserModel/getBrowserModel.js
FN:6,getBrowserModel
FNF:1
FNH:0
FNDA:0,getBrowserModel
DA:7,0
DA:8,0
DA:9,0
DA:12,0
DA:23,0
DA:24,0
DA:25,0
DA:26,0
DA:27,0
DA:28,0
DA:29,0
DA:30,0
DA:32,0
LF:13
LH:0
BRDA:12,0,0,0
BRDA:12,0,1,0
BRDA:13,1,0,0
BRDA:13,1,1,0
BRDA:14,2,0,0
BRDA:14,2,1,0
BRDA:15,3,0,0
BRDA:15,3,1,0
BRDA:16,4,0,0
BRDA:16,4,1,0
BRDA:17,5,0,0
BRDA:17,5,1,0
BRDA:18,6,0,0
BRDA:18,6,1,0
BRDA:19,7,0,0
BRDA:19,7,1,0
BRDA:20,8,0,0
BRDA:20,8,1,0
BRDA:23,9,0,0
BRDA:23,9,1,0
BRDA:24,10,0,0
BRDA:24,10,1,0
BRDA:25,11,0,0
BRDA:25,11,1,0
BRDA:26,12,0,0
BRDA:26,12,1,0
BRDA:27,13,0,0
BRDA:27,13,1,0
BRDA:28,14,0,0
BRDA:28,14,1,0
BRDA:29,15,0,0
BRDA:29,15,1,0
BRDA:30,16,0,0
BRDA:30,16,1,0
BRF:34
BRH:0
end_of_record
TN:
SF:/Users/pengyong/Desktop/project/jlb-company/jtools/src/getDeviceModel/getDeviceModel.js
FN:5,getDeviceModel
FNF:1
FNH:0
FNDA:0,getDeviceModel
DA:6,0
DA:7,0
DA:8,0
DA:9,0
DA:10,0
LF:5
LH:0
BRDA:7,0,0,0
BRDA:7,0,1,0
BRDA:9,1,0,0
BRDA:9,1,1,0
BRF:4
BRH:0
end_of_record
TN:
SF:/Users/pengyong/Desktop/project/jlb-company/jtools/src/dateFormat1/dateFormat1.js
FN:12,dateFormat1
FNF:1
FNH:0
FNDA:0,dateFormat1
DA:13,0
DA:14,0
DA:15,0
DA:16,0
DA:17,0
DA:18,0
DA:19,0
DA:20,0
DA:21,0
DA:22,0
DA:23,0
DA:24,0
DA:26,0
DA:27,0
DA:29,0
DA:30,0
DA:31,0
DA:32,0
DA:33,0
DA:38,0
DA:39,0
DA:40,0
DA:42,0
LF:23
LH:0
BRDA:13,0,0,0
BRDA:13,0,1,0
BRDA:23,1,0,0
BRDA:23,1,1,0
BRDA:26,2,0,0
BRDA:26,2,1,0
BRDA:29,3,0,0
BRDA:29,3,1,0
BRDA:31,4,0,0
BRDA:31,4,1,0
BRDA:33,5,0,0
BRDA:33,5,1,0
BRDA:34,6,0,0
BRDA:34,6,1,0
BRDA:34,6,2,0
BRDA:39,7,0,0
BRDA:39,7,1,0
BRF:17
BRH:0
end_of_record
TN:
SF:/Users/pengyong/Desktop/project/jlb-company/jtools/src/dateFormat2/dateFormat2.js
FN:12,dateFormat2
FNF:1
FNH:0
FNDA:0,dateFormat2
DA:13,0
DA:14,0
DA:15,0
DA:16,0
DA:17,0
DA:18,0
DA:19,0
DA:21,0
DA:22,0
DA:24,0
DA:25,0
DA:26,0
DA:27,0
DA:28,0
DA:29,0
DA:30,0
DA:31,0
DA:32,0
DA:33,0
DA:34,0
DA:35,0
DA:36,0
DA:37,0
DA:38,0
DA:39,0
DA:40,0
DA:42,0
DA:44,0
LF:28
LH:0
BRDA:13,0,0,0
BRDA:13,0,1,0
BRDA:21,1,0,0
BRDA:21,1,1,0
BRDA:29,2,0,0
BRDA:29,2,1,0
BRDA:30,3,0,0
BRDA:30,3,1,0
BRDA:31,4,0,0
BRDA:31,4,1,0
BRDA:32,5,0,0
BRDA:32,5,1,0
BRDA:33,6,0,0
BRDA:33,6,1,0
BRDA:33,7,0,0
BRDA:33,7,1,0
BRDA:35,8,0,0
BRDA:35,8,1,0
BRDA:35,9,0,0
BRDA:35,9,1,0
BRDA:35,9,2,0
BRDA:37,10,0,0
BRDA:37,10,1,0
BRDA:37,11,0,0
BRDA:37,11,1,0
BRDA:39,12,0,0
BRDA:39,12,1,0
BRDA:39,13,0,0
BRDA:39,13,1,0
BRF:29
BRH:0
end_of_record
TN:
SF:/Users/pengyong/Desktop/project/jlb-company/jtools/src/getDefaultAvatar/getDefaultAvatar.js
FN:5,getDefaultHeader
FNF:1
FNH:0
FNDA:0,getDefaultHeader
DA:6,0
DA:7,0
LF:2
LH:0
BRDA:6,0,0,0
BRDA:6,0,1,0
BRDA:7,1,0,0
BRDA:7,1,1,0
BRF:4
BRH:0
end_of_record
TN:
SF:/Users/pengyong/Desktop/project/jlb-company/jtools/src/getImgBase64/getImgBase64.js
FN:6,getImgBase64
FN:12,(anonymous_1)
FN:13,(anonymous_2)
FNF:3
FNH:0
FNDA:0,getImgBase64
FNDA:0,(anonymous_1)
FNDA:0,(anonymous_2)
DA:8,0
DA:9,0
DA:10,0
DA:11,0
DA:12,0
DA:13,0
DA:14,0
DA:15,0
DA:16,0
DA:17,0
DA:18,0
DA:19,0
DA:20,0
DA:21,0
DA:22,0
DA:23,0
DA:24,0
LF:17
LH:0
BRF:0
BRH:0
end_of_record
TN:
SF:/Users/pengyong/Desktop/project/jlb-company/jtools/src/handleText/handleText.js
FN:10,handleText
FNF:1
FNH:0
FNDA:0,handleText
DA:11,0
DA:12,0
DA:13,0
DA:14,0
DA:19,0
DA:20,0
DA:26,0
LF:7
LH:0
BRDA:10,0,0,0
BRDA:10,1,0,0
BRDA:11,2,0,0
BRDA:11,2,1,0
BRDA:13,3,0,0
BRDA:13,3,1,0
BRDA:19,4,0,0
BRDA:19,4,1,0
BRF:8
BRH:0
end_of_record
TN:
SF:/Users/pengyong/Desktop/project/jlb-company/jtools/src/checkIDCard/checkIDCard.js
FN:7,checkIDCard
FNF:1
FNH:0
FNDA:0,checkIDCard
DA:8,0
DA:9,0
LF:2
LH:0
BRF:0
BRH:0
end_of_record
TN:
SF:/Users/pengyong/Desktop/project/jlb-company/jtools/src/index.js
FNF:0
FNH:0
LF:0
LH:0
BRF:0
BRH:0
end_of_record
